commit 43583255f9bb72694258a0dcc12c29e190dcd72a
Merge: 74d016c 69d904f
Author: Luis Vinicios <luis0203vincios@gmail.com>
Date:   Wed Aug 20 16:21:44 2025 -0300

    Merge branches 'main' and 'main' of https://github.com/luivvv/avaliacao-git

commit 74d016cf7e52f30489929a34eef2cbe283a90aa3
Author: Luis Vinicios <luis0203vincios@gmail.com>
Date:   Wed Aug 20 16:21:15 2025 -0300

    nome html

commit 69d904f96f5a4d8f613ed210814b8d797969066b
Author: Luis Vinicios <luis0203vincios@gmail.com>
Date:   Wed Aug 20 16:09:26 2025 -0300

    estrutura de repetição

commit 697880cf09b1ac4cf96a3306b38c09afd1f715f0
Author: Luis Vinicios <luis0203vincios@gmail.com>
Date:   Wed Aug 20 15:45:43 2025 -0300

    mesclar

commit 4b5780fdef1ae56d2080972d73fa75b64e918ca9
Author: Luis Vinicios <luis0203vincios@gmail.com>
Date:   Wed Aug 20 15:47:48 2025 -0300

    modificação css

commit 40f4e7cf8d110c33c1b7422be287f39bc1b29d79
Author: Luis Vinicios <luis0203vincios@gmail.com>
Date:   Wed Aug 20 15:45:43 2025 -0300

    arquivo iniciais

commit da75e1a124233851a7ff8cee9c7af3553cc69460
Author: Luis Vinicios <luis0203vincios@gmail.com>
Date:   Wed Aug 20 15:43:00 2025 -0300

    arquivo inicial
